{"C:\\Users\\Agustin\\Desktop\\rest_api_node_ts_server\\src\\router.ts": {"path":"C:\\Users\\Agustin\\Desktop\\rest_api_node_ts_server\\src\\router.ts","statementMap":{"0":{"start":{"line":1,"column":0},"end":{"line":1,"column":33}},"1":{"start":{"line":2,"column":0},"end":{"line":2,"column":130}},"2":{"start":{"line":3,"column":0},"end":{"line":3,"column":93}},"3":{"start":{"line":4,"column":0},"end":{"line":4,"column":67}},"4":{"start":{"line":5,"column":0},"end":{"line":5,"column":42}},"5":{"start":{"line":7,"column":15},"end":{"line":7,"column":23}},"6":{"start":{"line":10,"column":0},"end":{"line":10,"column":29}},"7":{"start":{"line":11,"column":0},"end":{"line":14,"column":18}},"8":{"start":{"line":27,"column":0},"end":{"line":32,"column":2}},"9":{"start":{"line":35,"column":0},"end":{"line":40,"column":2}},"10":{"start":{"line":43,"column":0},"end":{"line":47,"column":2}},"11":{"start":{"line":49,"column":0},"end":{"line":53,"column":2}},"12":{"start":{"line":55,"column":0},"end":{"line":55,"column":null}}},"fnMap":{},"branchMap":{},"s":{"0":3,"1":3,"2":3,"3":3,"4":3,"5":3,"6":3,"7":3,"8":3,"9":3,"10":3,"11":3,"12":3},"f":{},"b":{}}
,"C:\\Users\\Agustin\\Desktop\\rest_api_node_ts_server\\src\\server.ts": {"path":"C:\\Users\\Agustin\\Desktop\\rest_api_node_ts_server\\src\\server.ts","statementMap":{"0":{"start":{"line":7,"column":0},"end":{"line":7,"column":7}},"1":{"start":{"line":1,"column":0},"end":{"line":1,"column":30}},"2":{"start":{"line":2,"column":0},"end":{"line":2,"column":27}},"3":{"start":{"line":3,"column":0},"end":{"line":3,"column":30}},"4":{"start":{"line":4,"column":0},"end":{"line":4,"column":29}},"5":{"start":{"line":8,"column":4},"end":{"line":15,"column":5}},"6":{"start":{"line":9,"column":8},"end":{"line":9,"column":null}},"7":{"start":{"line":10,"column":8},"end":{"line":10,"column":null}},"8":{"start":{"line":14,"column":8},"end":{"line":14,"column":null}},"9":{"start":{"line":18,"column":0},"end":{"line":18,"column":null}},"10":{"start":{"line":21,"column":15},"end":{"line":21,"column":24}},"11":{"start":{"line":24,"column":0},"end":{"line":24,"column":null}},"12":{"start":{"line":26,"column":0},"end":{"line":26,"column":null}},"13":{"start":{"line":28,"column":0},"end":{"line":30,"column":null}},"14":{"start":{"line":29,"column":4},"end":{"line":29,"column":null}},"15":{"start":{"line":33,"column":0},"end":{"line":33,"column":null}}},"fnMap":{"0":{"name":"connectDB","decl":{"start":{"line":7,"column":22},"end":{"line":7,"column":31}},"loc":{"start":{"line":7,"column":31},"end":{"line":16,"column":1}}},"1":{"name":"(anonymous_2)","decl":{"start":{"line":28,"column":19},"end":{"line":28,"column":20}},"loc":{"start":{"line":28,"column":32},"end":{"line":30,"column":1}}}},"branchMap":{},"s":{"0":3,"1":3,"2":3,"3":3,"4":3,"5":4,"6":4,"7":2,"8":1,"9":3,"10":3,"11":3,"12":3,"13":3,"14":1,"15":3},"f":{"0":4,"1":1},"b":{}}
,"C:\\Users\\Agustin\\Desktop\\rest_api_node_ts_server\\src\\config\\db.ts": {"path":"C:\\Users\\Agustin\\Desktop\\rest_api_node_ts_server\\src\\config\\db.ts","statementMap":{"0":{"start":{"line":1,"column":0},"end":{"line":1,"column":49}},"1":{"start":{"line":2,"column":0},"end":{"line":2,"column":27}},"2":{"start":{"line":3,"column":0},"end":{"line":3,"column":null}},"3":{"start":{"line":5,"column":11},"end":{"line":8,"column":2}},"4":{"start":{"line":10,"column":0},"end":{"line":10,"column":null}}},"fnMap":{},"branchMap":{},"s":{"0":3,"1":3,"2":3,"3":3,"4":3},"f":{},"b":{}}
,"C:\\Users\\Agustin\\Desktop\\rest_api_node_ts_server\\src\\handlers\\product.ts": {"path":"C:\\Users\\Agustin\\Desktop\\rest_api_node_ts_server\\src\\handlers\\product.ts","statementMap":{"0":{"start":{"line":2,"column":0},"end":{"line":2,"column":46}},"1":{"start":{"line":4,"column":27},"end":{"line":13,"column":1}},"2":{"start":{"line":6,"column":25},"end":{"line":11,"column":10}},"3":{"start":{"line":12,"column":8},"end":{"line":12,"column":null}},"4":{"start":{"line":4,"column":13},"end":{"line":4,"column":27}},"5":{"start":{"line":16,"column":30},"end":{"line":30,"column":1}},"6":{"start":{"line":20,"column":19},"end":{"line":20,"column":29}},"7":{"start":{"line":21,"column":22},"end":{"line":21,"column":48}},"8":{"start":{"line":23,"column":6},"end":{"line":27,"column":7}},"9":{"start":{"line":24,"column":8},"end":{"line":26,"column":null}},"10":{"start":{"line":29,"column":6},"end":{"line":29,"column":null}},"11":{"start":{"line":16,"column":13},"end":{"line":16,"column":30}},"12":{"start":{"line":33,"column":29},"end":{"line":38,"column":1}},"13":{"start":{"line":35,"column":20},"end":{"line":35,"column":50}},"14":{"start":{"line":37,"column":4},"end":{"line":37,"column":44}},"15":{"start":{"line":33,"column":13},"end":{"line":33,"column":29}},"16":{"start":{"line":40,"column":29},"end":{"line":58,"column":1}},"17":{"start":{"line":43,"column":17},"end":{"line":43,"column":27}},"18":{"start":{"line":44,"column":22},"end":{"line":44,"column":48}},"19":{"start":{"line":46,"column":6},"end":{"line":50,"column":7}},"20":{"start":{"line":47,"column":8},"end":{"line":49,"column":null}},"21":{"start":{"line":53,"column":6},"end":{"line":53,"column":null}},"22":{"start":{"line":54,"column":6},"end":{"line":54,"column":null}},"23":{"start":{"line":56,"column":6},"end":{"line":56,"column":null}},"24":{"start":{"line":40,"column":13},"end":{"line":40,"column":29}},"25":{"start":{"line":60,"column":34},"end":{"line":80,"column":1}},"26":{"start":{"line":62,"column":17},"end":{"line":62,"column":27}},"27":{"start":{"line":63,"column":22},"end":{"line":63,"column":48}},"28":{"start":{"line":65,"column":6},"end":{"line":69,"column":7}},"29":{"start":{"line":66,"column":8},"end":{"line":68,"column":null}},"30":{"start":{"line":72,"column":6},"end":{"line":72,"column":null}},"31":{"start":{"line":73,"column":6},"end":{"line":73,"column":null}},"32":{"start":{"line":75,"column":6},"end":{"line":75,"column":null}},"33":{"start":{"line":77,"column":6},"end":{"line":77,"column":87}},"34":{"start":{"line":79,"column":6},"end":{"line":79,"column":null}},"35":{"start":{"line":60,"column":13},"end":{"line":60,"column":34}},"36":{"start":{"line":83,"column":29},"end":{"line":97,"column":1}},"37":{"start":{"line":86,"column":19},"end":{"line":86,"column":29}},"38":{"start":{"line":87,"column":22},"end":{"line":87,"column":48}},"39":{"start":{"line":89,"column":6},"end":{"line":93,"column":7}},"40":{"start":{"line":90,"column":8},"end":{"line":92,"column":null}},"41":{"start":{"line":95,"column":6},"end":{"line":95,"column":null}},"42":{"start":{"line":96,"column":6},"end":{"line":96,"column":null}},"43":{"start":{"line":83,"column":13},"end":{"line":83,"column":29}}},"fnMap":{"0":{"name":"(anonymous_1)","decl":{"start":{"line":4,"column":27},"end":{"line":4,"column":32}},"loc":{"start":{"line":4,"column":65},"end":{"line":13,"column":1}}},"1":{"name":"(anonymous_2)","decl":{"start":{"line":16,"column":30},"end":{"line":16,"column":35}},"loc":{"start":{"line":16,"column":68},"end":{"line":30,"column":1}}},"2":{"name":"(anonymous_3)","decl":{"start":{"line":33,"column":29},"end":{"line":33,"column":34}},"loc":{"start":{"line":33,"column":67},"end":{"line":38,"column":1}}},"3":{"name":"(anonymous_4)","decl":{"start":{"line":40,"column":29},"end":{"line":40,"column":34}},"loc":{"start":{"line":40,"column":67},"end":{"line":58,"column":1}}},"4":{"name":"(anonymous_5)","decl":{"start":{"line":60,"column":34},"end":{"line":60,"column":39}},"loc":{"start":{"line":60,"column":72},"end":{"line":80,"column":1}}},"5":{"name":"(anonymous_6)","decl":{"start":{"line":83,"column":29},"end":{"line":83,"column":34}},"loc":{"start":{"line":83,"column":67},"end":{"line":97,"column":1}}}},"branchMap":{"0":{"loc":{"start":{"line":23,"column":6},"end":{"line":27,"column":7}},"type":"if","locations":[{"start":{"line":23,"column":6},"end":{"line":27,"column":7}}]},"1":{"loc":{"start":{"line":46,"column":6},"end":{"line":50,"column":7}},"type":"if","locations":[{"start":{"line":46,"column":6},"end":{"line":50,"column":7}}]},"2":{"loc":{"start":{"line":65,"column":6},"end":{"line":69,"column":7}},"type":"if","locations":[{"start":{"line":65,"column":6},"end":{"line":69,"column":7}}]},"3":{"loc":{"start":{"line":89,"column":6},"end":{"line":93,"column":7}},"type":"if","locations":[{"start":{"line":89,"column":6},"end":{"line":93,"column":7}}]}},"s":{"0":3,"1":3,"2":2,"3":2,"4":3,"5":3,"6":2,"7":2,"8":2,"9":1,"10":1,"11":3,"12":3,"13":1,"14":1,"15":3,"16":3,"17":2,"18":2,"19":2,"20":1,"21":1,"22":1,"23":1,"24":3,"25":3,"26":2,"27":2,"28":2,"29":1,"30":1,"31":1,"32":1,"33":1,"34":1,"35":3,"36":3,"37":2,"38":2,"39":2,"40":1,"41":1,"42":1,"43":3},"f":{"0":2,"1":2,"2":1,"3":2,"4":2,"5":2},"b":{"0":[1],"1":[1],"2":[1],"3":[1]}}
,"C:\\Users\\Agustin\\Desktop\\rest_api_node_ts_server\\src\\middleware\\handleInputErrors.ts": {"path":"C:\\Users\\Agustin\\Desktop\\rest_api_node_ts_server\\src\\middleware\\handleInputErrors.ts","statementMap":{"0":{"start":{"line":22,"column":0},"end":{"line":22,"column":53}},"1":{"start":{"line":24,"column":33},"end":{"line":36,"column":1}},"2":{"start":{"line":26,"column":2},"end":{"line":26,"column":null}},"3":{"start":{"line":28,"column":15},"end":{"line":28,"column":36}},"4":{"start":{"line":29,"column":2},"end":{"line":32,"column":3}},"5":{"start":{"line":31,"column":4},"end":{"line":31,"column":60}},"6":{"start":{"line":35,"column":2},"end":{"line":35,"column":9}},"7":{"start":{"line":24,"column":13},"end":{"line":24,"column":33}}},"fnMap":{"0":{"name":"(anonymous_0)","decl":{"start":{"line":24,"column":33},"end":{"line":24,"column":34}},"loc":{"start":{"line":24,"column":85},"end":{"line":36,"column":1}}}},"branchMap":{"0":{"loc":{"start":{"line":29,"column":2},"end":{"line":32,"column":3}},"type":"if","locations":[{"start":{"line":29,"column":2},"end":{"line":32,"column":3}}]}},"s":{"0":3,"1":3,"2":17,"3":17,"4":17,"5":8,"6":9,"7":3},"f":{"0":17},"b":{"0":[8]}}
,"C:\\Users\\Agustin\\Desktop\\rest_api_node_ts_server\\src\\models\\Product.model.ts": {"path":"C:\\Users\\Agustin\\Desktop\\rest_api_node_ts_server\\src\\models\\Product.model.ts","statementMap":{"0":{"start":{"line":5,"column":0},"end":{"line":5,"column":79}},"1":{"start":{"line":28,"column":0},"end":{"line":50,"column":null}},"2":{"start":{"line":36,"column":10},"end":{"line":36,"column":null}},"3":{"start":{"line":42,"column":10},"end":{"line":42,"column":null}},"4":{"start":{"line":49,"column":10},"end":{"line":49,"column":null}},"5":{"start":{"line":28,"column":6},"end":{"line":50,"column":null}},"6":{"start":{"line":54,"column":0},"end":{"line":54,"column":23}}},"fnMap":{},"branchMap":{},"s":{"0":4,"1":4,"2":4,"3":4,"4":4,"5":4,"6":4},"f":{},"b":{}}
,"C:\\Users\\Agustin\\Desktop\\rest_api_node_ts_server\\src\\validators\\productValidator.ts": {"path":"C:\\Users\\Agustin\\Desktop\\rest_api_node_ts_server\\src\\validators\\productValidator.ts","statementMap":{"0":{"start":{"line":15,"column":0},"end":{"line":15,"column":41}},"1":{"start":{"line":17,"column":13},"end":{"line":25,"column":2}},"2":{"start":{"line":24,"column":21},"end":{"line":24,"column":30}},"3":{"start":{"line":27,"column":13},"end":{"line":38,"column":2}},"4":{"start":{"line":34,"column":21},"end":{"line":34,"column":30}}},"fnMap":{"0":{"name":"(anonymous_0)","decl":{"start":{"line":24,"column":12},"end":{"line":24,"column":17}},"loc":{"start":{"line":24,"column":21},"end":{"line":24,"column":30}}},"1":{"name":"(anonymous_1)","decl":{"start":{"line":34,"column":12},"end":{"line":34,"column":17}},"loc":{"start":{"line":34,"column":21},"end":{"line":34,"column":30}}}},"branchMap":{},"s":{"0":3,"1":3,"2":4,"3":3,"4":5},"f":{"0":4,"1":5},"b":{}}
}
