TN:
SF:src\router.ts
FNF:0
FNH:0
DA:1,3
DA:2,3
DA:3,3
DA:4,3
DA:5,3
DA:7,3
DA:10,3
DA:11,3
DA:27,3
DA:35,3
DA:43,3
DA:49,3
DA:55,3
LF:13
LH:13
BRF:0
BRH:0
end_of_record
TN:
SF:src\server.ts
FN:7,connectDB
FN:28,(anonymous_2)
FNF:2
FNH:2
FNDA:4,connectDB
FNDA:1,(anonymous_2)
DA:1,3
DA:2,3
DA:3,3
DA:4,3
DA:7,3
DA:8,4
DA:9,4
DA:10,2
DA:14,1
DA:18,3
DA:21,3
DA:24,3
DA:26,3
DA:28,3
DA:29,1
DA:33,3
LF:16
LH:16
BRF:0
BRH:0
end_of_record
TN:
SF:src\config\db.ts
FNF:0
FNH:0
DA:1,3
DA:2,3
DA:3,3
DA:5,3
DA:10,3
LF:5
LH:5
BRF:0
BRH:0
end_of_record
TN:
SF:src\handlers\product.ts
FN:4,(anonymous_1)
FN:16,(anonymous_2)
FN:33,(anonymous_3)
FN:40,(anonymous_4)
FN:60,(anonymous_5)
FN:83,(anonymous_6)
FNF:6
FNH:6
FNDA:2,(anonymous_1)
FNDA:2,(anonymous_2)
FNDA:1,(anonymous_3)
FNDA:2,(anonymous_4)
FNDA:2,(anonymous_5)
FNDA:2,(anonymous_6)
DA:2,3
DA:4,3
DA:6,2
DA:12,2
DA:16,3
DA:20,2
DA:21,2
DA:23,2
DA:24,1
DA:29,1
DA:33,3
DA:35,1
DA:37,1
DA:40,3
DA:43,2
DA:44,2
DA:46,2
DA:47,1
DA:53,1
DA:54,1
DA:56,1
DA:60,3
DA:62,2
DA:63,2
DA:65,2
DA:66,1
DA:72,1
DA:73,1
DA:75,1
DA:77,1
DA:79,1
DA:83,3
DA:86,2
DA:87,2
DA:89,2
DA:90,1
DA:95,1
DA:96,1
LF:38
LH:38
BRDA:23,0,0,1
BRDA:46,1,0,1
BRDA:65,2,0,1
BRDA:89,3,0,1
BRF:4
BRH:4
end_of_record
TN:
SF:src\middleware\handleInputErrors.ts
FN:24,(anonymous_0)
FNF:1
FNH:1
FNDA:17,(anonymous_0)
DA:22,3
DA:24,3
DA:26,17
DA:28,17
DA:29,17
DA:31,8
DA:35,9
LF:7
LH:7
BRDA:29,0,0,8
BRF:1
BRH:1
end_of_record
TN:
SF:src\models\Product.model.ts
FNF:0
FNH:0
DA:5,4
DA:28,4
DA:36,4
DA:42,4
DA:49,4
DA:54,4
LF:6
LH:6
BRF:0
BRH:0
end_of_record
TN:
SF:src\validators\productValidator.ts
FN:24,(anonymous_0)
FN:34,(anonymous_1)
FNF:2
FNH:2
FNDA:4,(anonymous_0)
FNDA:5,(anonymous_1)
DA:15,3
DA:17,3
DA:24,4
DA:27,3
DA:34,5
LF:5
LH:5
BRF:0
BRH:0
end_of_record
